<?xml version="1.0" encoding="UTF-8"?>
<testsuite xmlns:xsi="http://www.w3.org/2001/XMLSchema-instance" xsi:noNamespaceSchemaLocation="https://maven.apache.org/surefire/maven-surefire-plugin/xsd/surefire-test-report.xsd" name="pl.put.poznan.sorter.logic.BubbleSortTest" time="0.042" tests="10" errors="0" skipped="0" failures="0">
  <properties>
[...]
</properties>
  <testcase name="testSortIntArrayWithDuplicates" classname="pl.put.poznan.sorter.logic.BubbleSortTest" time="0.031"/>
  <testcase name="testSortStringArrayEmpty" classname="pl.put.poznan.sorter.logic.BubbleSortTest" time="0"/>
  <testcase name="testSortIntArrayAlreadySorted" classname="pl.put.poznan.sorter.logic.BubbleSortTest" time="0"/>
  <testcase name="testSortStringArrayRegular" classname="pl.put.poznan.sorter.logic.BubbleSortTest" time="0"/>
  <testcase name="testSortStringArrayWithDuplicates" classname="pl.put.poznan.sorter.logic.BubbleSortTest" time="0"/>
  <testcase name="testSortIntArrayEmpty" classname="pl.put.poznan.sorter.logic.BubbleSortTest" time="0"/>
  <testcase name="testSortStringArrayReverseSorted" classname="pl.put.poznan.sorter.logic.BubbleSortTest" time="0.001"/>
  <testcase name="testSortIntArrayRegular" classname="pl.put.poznan.sorter.logic.BubbleSortTest" time="0"/>
  <testcase name="testSortStringArrayAlreadySorted" classname="pl.put.poznan.sorter.logic.BubbleSortTest" time="0.001"/>
  <testcase name="testSortIntArrayReverseSorted" classname="pl.put.poznan.sorter.logic.BubbleSortTest" time="0"/>
</testsuite>